<?xml version="1.0" encoding="UTF-8"?>
<testng-results skipped="0" failed="0" total="1" passed="1">
  <reporter-output>
  </reporter-output>
  <suite name="Default suite" duration-ms="7359" started-at="2013-09-27T11:46:26Z" finished-at="2013-09-27T11:46:33Z">
    <groups>
    </groups>
    <test name="Default test" duration-ms="7359" started-at="2013-09-27T11:46:26Z" finished-at="2013-09-27T11:46:33Z">
      <class name="com.epam.brb.testsModified.PersInfoPageFinancialInfoMyBankingProducts">
        <test-method status="PASS" signature="initChrome()[pri:0, instance:com.epam.brb.testsModified.PersInfoPageFinancialInfoMyBankingProducts@5c0a53c0]" name="initChrome" is-config="true" duration-ms="2872" started-at="2013-09-27T14:46:26Z" finished-at="2013-09-27T14:46:29Z">
          <reporter-output>
          </reporter-output>
        </test-method> <!-- initChrome -->
        <test-method status="PASS" signature="persInfo111()[pri:0, instance:com.epam.brb.testsModified.PersInfoPageFinancialInfoMyBankingProducts@5c0a53c0]" name="persInfo111" duration-ms="2779" started-at="2013-09-27T14:46:29Z" finished-at="2013-09-27T14:46:32Z">
          <reporter-output>
          </reporter-output>
        </test-method> <!-- persInfo111 -->
        <test-method status="PASS" signature="cleanup()[pri:0, instance:com.epam.brb.testsModified.PersInfoPageFinancialInfoMyBankingProducts@5c0a53c0]" name="cleanup" is-config="true" duration-ms="1697" started-at="2013-09-27T14:46:32Z" finished-at="2013-09-27T14:46:33Z">
          <reporter-output>
          </reporter-output>
        </test-method> <!-- cleanup -->
      </class> <!-- com.epam.brb.testsModified.PersInfoPageFinancialInfoMyBankingProducts -->
    </test> <!-- Default test -->
  </suite> <!-- Default suite -->
</testng-results>
